The system is: Linux - 3.16.0-4-amd64 - x86_64
Compiling the C compiler identification source file "CMakeCCompilerId.c" succeeded.
Compiler: /opt/intel/bin/icc 
Build flags: 
Id flags: 

The output was:
0


Compilation of the C compiler identification source "CMakeCCompilerId.c" produced "a.out"

The C compiler identification is Intel, found in "/home/wk234832/work/C++/mdcrystal/build/CMakeFiles/3.0.2/CompilerIdC/a.out"

Compiling the CXX compiler identification source file "CMakeCXXCompilerId.cpp" succeeded.
Compiler: /opt/intel/bin/icpc 
Build flags: 
Id flags: 

The output was:
0


Compilation of the CXX compiler identification source "CMakeCXXCompilerId.cpp" produced "a.out"

The CXX compiler identification is Intel, found in "/home/wk234832/work/C++/mdcrystal/build/CMakeFiles/3.0.2/CompilerIdCXX/a.out"

Determining if the C compiler works passed with the following output:
Change Dir: /home/wk234832/work/C++/mdcrystal/build/CMakeFiles/CMakeTmp

Run Build Command:"/usr/bin/make" "cmTryCompileExec3089556824/fast"
/usr/bin/make -f CMakeFiles/cmTryCompileExec3089556824.dir/build.make CMakeFiles/cmTryCompileExec3089556824.dir/build
make[1]: Entering directory '/home/wk234832/work/C++/mdcrystal/build/CMakeFiles/CMakeTmp'
/usr/bin/cmake -E cmake_progress_report /home/wk234832/work/C++/mdcrystal/build/CMakeFiles/CMakeTmp/CMakeFiles 1
Building C object CMakeFiles/cmTryCompileExec3089556824.dir/testCCompiler.c.o
/opt/intel/bin/icc    -o CMakeFiles/cmTryCompileExec3089556824.dir/testCCompiler.c.o   -c /home/wk234832/work/C++/mdcrystal/build/CMakeFiles/CMakeTmp/testCCompiler.c
Linking C executable cmTryCompileExec3089556824
/usr/bin/cmake -E cmake_link_script CMakeFiles/cmTryCompileExec3089556824.dir/link.txt --verbose=1
/opt/intel/bin/icc       CMakeFiles/cmTryCompileExec3089556824.dir/testCCompiler.c.o  -o cmTryCompileExec3089556824 -rdynamic 
make[1]: Leaving directory '/home/wk234832/work/C++/mdcrystal/build/CMakeFiles/CMakeTmp'


Detecting C compiler ABI info compiled with the following output:
Change Dir: /home/wk234832/work/C++/mdcrystal/build/CMakeFiles/CMakeTmp

Run Build Command:"/usr/bin/make" "cmTryCompileExec1170516991/fast"
/usr/bin/make -f CMakeFiles/cmTryCompileExec1170516991.dir/build.make CMakeFiles/cmTryCompileExec1170516991.dir/build
make[1]: Entering directory '/home/wk234832/work/C++/mdcrystal/build/CMakeFiles/CMakeTmp'
/usr/bin/cmake -E cmake_progress_report /home/wk234832/work/C++/mdcrystal/build/CMakeFiles/CMakeTmp/CMakeFiles 1
Building C object CMakeFiles/cmTryCompileExec1170516991.dir/CMakeCCompilerABI.c.o
/opt/intel/bin/icc    -o CMakeFiles/cmTryCompileExec1170516991.dir/CMakeCCompilerABI.c.o   -c /usr/share/cmake-3.0/Modules/CMakeCCompilerABI.c
Linking C executable cmTryCompileExec1170516991
/usr/bin/cmake -E cmake_link_script CMakeFiles/cmTryCompileExec1170516991.dir/link.txt --verbose=1
/opt/intel/bin/icc     -v CMakeFiles/cmTryCompileExec1170516991.dir/CMakeCCompilerABI.c.o  -o cmTryCompileExec1170516991 -rdynamic  
icc version 17.0.1 (gcc version 4.9.0 compatibility)
/opt/intel/compilers_and_libraries_2017.1.132/linux/bin/intel64/mcpcom    -mGLOB_em64t=TRUE -mP1OPT_version=17.0-intel64 -mGLOB_diag_file=CMakeFiles/cmTryCompileExec1170516991.dir/CMakeCCompilerABI.c.diag -mGLOB_long_size_64 -mGLOB_routine_pointer_size_64 -mP1OPT_print_version=FALSE -mCG_use_gas_got_workaround=F -mP2OPT_align_option_used=TRUE -mGLOB_gcc_version=490 "-mGLOB_options_string=-v -o cmTryCompileExec1170516991 -rdynamic" -mGLOB_cxx_limited_range=FALSE -mCG_extend_parms=FALSE -mGLOB_compiler_bin_directory=/opt/intel/compilers_and_libraries_2017.1.132/linux/bin/intel64 -mGLOB_as_output_backup_file_name=/tmp/icc0SyhNdas_.s -mGLOB_dashboard_use_source_name -mIPOPT_activate -mGLOB_product_id_code=0x22006d91 -mP3OPT_use_mspp_call_convention -mP2OPT_subs_out_of_bound=FALSE -mP2OPT_disam_type_based_disam=2 -mP2OPT_disam_assume_ansi_c -mP2OPT_checked_disam_ansi_alias=TRUE -mGLOB_ansi_alias -mPGOPTI_value_profile_use=T -mGLOB_opt_report_use_source_name -mP2OPT_il0_array_sections=TRUE -mGLOB_offload_mode=1 -mP2OPT_offload_unique_var_string=icc1858675366dAq5iT -mP2OPT_hlo -mP2OPT_hpo_rtt_control=0 -mIPOPT_args_in_regs=0 -mP2OPT_disam_assume_nonstd_intent_in=FALSE -mGLOB_imf_mapping_library=/opt/intel/compilers_and_libraries_2017.1.132/linux/bin/intel64/libiml_attr.so -mPGOPTI_gen_threadsafe_level=0 -mIPOPT_link -mIPOPT_ipo_activate -mIPOPT_mo_activate -mIPOPT_source_files_list=/tmp/iccsliszuG5Hu -mIPOPT_mo_global_data -mIPOPT_link_script_file=/tmp/iccscriptTeuCJJ "-mIPOPT_cmdline_link="/usr/lib/gcc/x86_64-linux-gnu/4.9/../../../x86_64-linux-gnu/crt1.o" "/usr/lib/gcc/x86_64-linux-gnu/4.9/../../../x86_64-linux-gnu/crti.o" "/usr/lib/gcc/x86_64-linux-gnu/4.9/crtbegin.o" "-export-dynamic" "--eh-frame-hdr" "--build-id" "-dynamic-linker" "/lib64/ld-linux-x86-64.so.2" "-m" "elf_x86_64" "-o" "cmTryCompileExec1170516991" "-L/opt/intel/compilers_and_libraries_2017.1.132/linux/tbb/lib/intel64_lin/gcc4.7" "-L/opt/intel/compilers_and_libraries_2017.1.132/linux/compiler/lib/intel64_lin" "-L/opt/intel/compilers_and_libraries_2017.1.132/linux/mkl/lib/intel64_lin" "-L/opt/intel/compilers_and_libraries_2017.1.132/linux/compiler/lib/intel64_lin" "-L/usr/lib/gcc/x86_64-linux-gnu/4.9/" "-L/usr/lib/gcc/x86_64-linux-gnu/4.9/../../../x86_64-linux-gnu/" "-L/usr/lib/gcc/x86_64-linux-gnu/4.9/../../../../lib/" "-L/lib/x86_64-linux-gnu/" "-L/lib/../lib64" "-L/lib/../lib/" "-L/usr/lib/x86_64-linux-gnu/" "-L/usr/lib/../lib/" "-L/opt/intel/compilers_and_libraries_2017.1.132/linux/tbb/lib/intel64_lin/gcc4.7/" "-L/opt/intel/compilers_and_libraries_2017.1.132/linux/compiler/lib/intel64_lin/" "-L/opt/intel/compilers_and_libraries_2017.1.132/linux/mkl/lib/intel64_lin/" "-L/usr/lib/gcc/x86_64-linux-gnu/4.9/../../../" "-L/lib64" "-L/lib/" "-L/usr/lib" "-L/usr/lib/i386-linux-gnu" "CMakeFiles/cmTryCompileExec1170516991.dir/CMakeCCompilerABI.c.o" "-Bdynamic" "-Bstatic" "-limf" "-lsvml" "-lirng" "-Bdynamic" "-lm" "-Bstatic" "-lipgo" "-ldecimal" "--as-needed" "-Bdynamic" "-lcilkrts" "-lstdc++" "--no-as-needed" "-lgcc" "-lgcc_s" "-Bstatic" "-lirc" "-lsvml" "-Bdynamic" "-lc" "-lgcc" "-lgcc_s" "-Bstatic" "-lirc_s" "-Bdynamic" "-ldl" "-lc" "/usr/lib/gcc/x86_64-linux-gnu/4.9/crtend.o" "/usr/lib/gcc/x86_64-linux-gnu/4.9/../../../x86_64-linux-gnu/crtn.o"" -mIPOPT_il_in_obj -mIPOPT_ipo_activate_warn=FALSE -mIPOPT_obj_output_file_name=/tmp/ipo_icco1E0y2.o -mIPOPT_whole_archive_fixup_file_name=/tmp/iccwarchYa7aVW -mGLOB_linker_version=2.25 -mGLOB_driver_tempfile_name=/tmp/icctempfile0FQqYb -mP3OPT_asm_target=P3OPT_ASM_TARGET_GAS -mGLOB_async_unwind_tables=TRUE -mGLOB_obj_output_file=/tmp/ipo_icco1E0y2.o -mGLOB_source_dialect=GLOB_SOURCE_DIALECT_NONE -mP1OPT_source_file_name=ipo_out.c CMakeFiles/cmTryCompileExec1170516991.dir/CMakeCCompilerABI.c.o -mIPOPT_object_files=T -mIPOPT_assembly_files=/tmp/iccalisXBd1Bw -mIPOPT_generated_tempfiles=/tmp/iccelisteXwDL -mIPOPT_embedded_object_base_name=/tmp/icceobjy2V2E0 -mIPOPT_cmdline_link_new_name=/tmp/iccllis4q7yGf
ld    /usr/lib/gcc/x86_64-linux-gnu/4.9/../../../x86_64-linux-gnu/crt1.o /usr/lib/gcc/x86_64-linux-gnu/4.9/../../../x86_64-linux-gnu/crti.o /usr/lib/gcc/x86_64-linux-gnu/4.9/crtbegin.o -export-dynamic --eh-frame-hdr --build-id -dynamic-linker /lib64/ld-linux-x86-64.so.2 -m elf_x86_64 -o cmTryCompileExec1170516991 -L/opt/intel/compilers_and_libraries_2017.1.132/linux/tbb/lib/intel64_lin/gcc4.7 -L/opt/intel/compilers_and_libraries_2017.1.132/linux/compiler/lib/intel64_lin -L/opt/intel/compilers_and_libraries_2017.1.132/linux/mkl/lib/intel64_lin -L/opt/intel/compilers_and_libraries_2017.1.132/linux/compiler/lib/intel64_lin -L/usr/lib/gcc/x86_64-linux-gnu/4.9/ -L/usr/lib/gcc/x86_64-linux-gnu/4.9/../../../x86_64-linux-gnu/ -L/usr/lib/gcc/x86_64-linux-gnu/4.9/../../../../lib/ -L/lib/x86_64-linux-gnu/ -L/lib/../lib64 -L/lib/../lib/ -L/usr/lib/x86_64-linux-gnu/ -L/usr/lib/../lib/ -L/opt/intel/compilers_and_libraries_2017.1.132/linux/tbb/lib/intel64_lin/gcc4.7/ -L/opt/intel/compilers_and_libraries_2017.1.132/linux/compiler/lib/intel64_lin/ -L/opt/intel/compilers_and_libraries_2017.1.132/linux/mkl/lib/intel64_lin/ -L/usr/lib/gcc/x86_64-linux-gnu/4.9/../../../ -L/lib64 -L/lib/ -L/usr/lib -L/usr/lib/i386-linux-gnu CMakeFiles/cmTryCompileExec1170516991.dir/CMakeCCompilerABI.c.o -Bdynamic -Bstatic -limf -lsvml -lirng -Bdynamic -lm -Bstatic -lipgo -ldecimal --as-needed -Bdynamic -lcilkrts -lstdc++ --no-as-needed -lgcc -lgcc_s -Bstatic -lirc -lsvml -Bdynamic -lc -lgcc -lgcc_s -Bstatic -lirc_s -Bdynamic -ldl -lc /usr/lib/gcc/x86_64-linux-gnu/4.9/crtend.o /usr/lib/gcc/x86_64-linux-gnu/4.9/../../../x86_64-linux-gnu/crtn.o
make[1]: Leaving directory '/home/wk234832/work/C++/mdcrystal/build/CMakeFiles/CMakeTmp'


Parsed C implicit link information from above output:
  link line regex: [^( *|.*[/\])(ld|([^/\]+-)?ld|collect2)[^/\]*( |$)]
  ignore line: [Change Dir: /home/wk234832/work/C++/mdcrystal/build/CMakeFiles/CMakeTmp]
  ignore line: []
  ignore line: [Run Build Command:"/usr/bin/make" "cmTryCompileExec1170516991/fast"]
  ignore line: [/usr/bin/make -f CMakeFiles/cmTryCompileExec1170516991.dir/build.make CMakeFiles/cmTryCompileExec1170516991.dir/build]
  ignore line: [make[1]: Entering directory '/home/wk234832/work/C++/mdcrystal/build/CMakeFiles/CMakeTmp']
  ignore line: [/usr/bin/cmake -E cmake_progress_report /home/wk234832/work/C++/mdcrystal/build/CMakeFiles/CMakeTmp/CMakeFiles 1]
  ignore line: [Building C object CMakeFiles/cmTryCompileExec1170516991.dir/CMakeCCompilerABI.c.o]
  ignore line: [/opt/intel/bin/icc    -o CMakeFiles/cmTryCompileExec1170516991.dir/CMakeCCompilerABI.c.o   -c /usr/share/cmake-3.0/Modules/CMakeCCompilerABI.c]
  ignore line: [Linking C executable cmTryCompileExec1170516991]
  ignore line: [/usr/bin/cmake -E cmake_link_script CMakeFiles/cmTryCompileExec1170516991.dir/link.txt --verbose=1]
  ignore line: [/opt/intel/bin/icc     -v CMakeFiles/cmTryCompileExec1170516991.dir/CMakeCCompilerABI.c.o  -o cmTryCompileExec1170516991 -rdynamic  ]
  ignore line: [icc version 17.0.1 (gcc version 4.9.0 compatibility)]
  ignore line: [/opt/intel/compilers_and_libraries_2017.1.132/linux/bin/intel64/mcpcom    -mGLOB_em64t=TRUE -mP1OPT_version=17.0-intel64 -mGLOB_diag_file=CMakeFiles/cmTryCompileExec1170516991.dir/CMakeCCompilerABI.c.diag -mGLOB_long_size_64 -mGLOB_routine_pointer_size_64 -mP1OPT_print_version=FALSE -mCG_use_gas_got_workaround=F -mP2OPT_align_option_used=TRUE -mGLOB_gcc_version=490 "-mGLOB_options_string=-v -o cmTryCompileExec1170516991 -rdynamic" -mGLOB_cxx_limited_range=FALSE -mCG_extend_parms=FALSE -mGLOB_compiler_bin_directory=/opt/intel/compilers_and_libraries_2017.1.132/linux/bin/intel64 -mGLOB_as_output_backup_file_name=/tmp/icc0SyhNdas_.s -mGLOB_dashboard_use_source_name -mIPOPT_activate -mGLOB_product_id_code=0x22006d91 -mP3OPT_use_mspp_call_convention -mP2OPT_subs_out_of_bound=FALSE -mP2OPT_disam_type_based_disam=2 -mP2OPT_disam_assume_ansi_c -mP2OPT_checked_disam_ansi_alias=TRUE -mGLOB_ansi_alias -mPGOPTI_value_profile_use=T -mGLOB_opt_report_use_source_name -mP2OPT_il0_array_sections=TRUE -mGLOB_offload_mode=1 -mP2OPT_offload_unique_var_string=icc1858675366dAq5iT -mP2OPT_hlo -mP2OPT_hpo_rtt_control=0 -mIPOPT_args_in_regs=0 -mP2OPT_disam_assume_nonstd_intent_in=FALSE -mGLOB_imf_mapping_library=/opt/intel/compilers_and_libraries_2017.1.132/linux/bin/intel64/libiml_attr.so -mPGOPTI_gen_threadsafe_level=0 -mIPOPT_link -mIPOPT_ipo_activate -mIPOPT_mo_activate -mIPOPT_source_files_list=/tmp/iccsliszuG5Hu -mIPOPT_mo_global_data -mIPOPT_link_script_file=/tmp/iccscriptTeuCJJ "-mIPOPT_cmdline_link="/usr/lib/gcc/x86_64-linux-gnu/4.9/../../../x86_64-linux-gnu/crt1.o" "/usr/lib/gcc/x86_64-linux-gnu/4.9/../../../x86_64-linux-gnu/crti.o" "/usr/lib/gcc/x86_64-linux-gnu/4.9/crtbegin.o" "-export-dynamic" "--eh-frame-hdr" "--build-id" "-dynamic-linker" "/lib64/ld-linux-x86-64.so.2" "-m" "elf_x86_64" "-o" "cmTryCompileExec1170516991" "-L/opt/intel/compilers_and_libraries_2017.1.132/linux/tbb/lib/intel64_lin/gcc4.7" "-L/opt/intel/compilers_and_libraries_2017.1.132/linux/compiler/lib/intel64_lin" "-L/opt/intel/compilers_and_libraries_2017.1.132/linux/mkl/lib/intel64_lin" "-L/opt/intel/compilers_and_libraries_2017.1.132/linux/compiler/lib/intel64_lin" "-L/usr/lib/gcc/x86_64-linux-gnu/4.9/" "-L/usr/lib/gcc/x86_64-linux-gnu/4.9/../../../x86_64-linux-gnu/" "-L/usr/lib/gcc/x86_64-linux-gnu/4.9/../../../../lib/" "-L/lib/x86_64-linux-gnu/" "-L/lib/../lib64" "-L/lib/../lib/" "-L/usr/lib/x86_64-linux-gnu/" "-L/usr/lib/../lib/" "-L/opt/intel/compilers_and_libraries_2017.1.132/linux/tbb/lib/intel64_lin/gcc4.7/" "-L/opt/intel/compilers_and_libraries_2017.1.132/linux/compiler/lib/intel64_lin/" "-L/opt/intel/compilers_and_libraries_2017.1.132/linux/mkl/lib/intel64_lin/" "-L/usr/lib/gcc/x86_64-linux-gnu/4.9/../../../" "-L/lib64" "-L/lib/" "-L/usr/lib" "-L/usr/lib/i386-linux-gnu" "CMakeFiles/cmTryCompileExec1170516991.dir/CMakeCCompilerABI.c.o" "-Bdynamic" "-Bstatic" "-limf" "-lsvml" "-lirng" "-Bdynamic" "-lm" "-Bstatic" "-lipgo" "-ldecimal" "--as-needed" "-Bdynamic" "-lcilkrts" "-lstdc++" "--no-as-needed" "-lgcc" "-lgcc_s" "-Bstatic" "-lirc" "-lsvml" "-Bdynamic" "-lc" "-lgcc" "-lgcc_s" "-Bstatic" "-lirc_s" "-Bdynamic" "-ldl" "-lc" "/usr/lib/gcc/x86_64-linux-gnu/4.9/crtend.o" "/usr/lib/gcc/x86_64-linux-gnu/4.9/../../../x86_64-linux-gnu/crtn.o"" -mIPOPT_il_in_obj -mIPOPT_ipo_activate_warn=FALSE -mIPOPT_obj_output_file_name=/tmp/ipo_icco1E0y2.o -mIPOPT_whole_archive_fixup_file_name=/tmp/iccwarchYa7aVW -mGLOB_linker_version=2.25 -mGLOB_driver_tempfile_name=/tmp/icctempfile0FQqYb -mP3OPT_asm_target=P3OPT_ASM_TARGET_GAS -mGLOB_async_unwind_tables=TRUE -mGLOB_obj_output_file=/tmp/ipo_icco1E0y2.o -mGLOB_source_dialect=GLOB_SOURCE_DIALECT_NONE -mP1OPT_source_file_name=ipo_out.c CMakeFiles/cmTryCompileExec1170516991.dir/CMakeCCompilerABI.c.o -mIPOPT_object_files=T -mIPOPT_assembly_files=/tmp/iccalisXBd1Bw -mIPOPT_generated_tempfiles=/tmp/iccelisteXwDL -mIPOPT_embedded_object_base_name=/tmp/icceobjy2V2E0 -mIPOPT_cmdline_link_new_name=/tmp/iccllis4q7yGf]
  link line: [ld    /usr/lib/gcc/x86_64-linux-gnu/4.9/../../../x86_64-linux-gnu/crt1.o /usr/lib/gcc/x86_64-linux-gnu/4.9/../../../x86_64-linux-gnu/crti.o /usr/lib/gcc/x86_64-linux-gnu/4.9/crtbegin.o -export-dynamic --eh-frame-hdr --build-id -dynamic-linker /lib64/ld-linux-x86-64.so.2 -m elf_x86_64 -o cmTryCompileExec1170516991 -L/opt/intel/compilers_and_libraries_2017.1.132/linux/tbb/lib/intel64_lin/gcc4.7 -L/opt/intel/compilers_and_libraries_2017.1.132/linux/compiler/lib/intel64_lin -L/opt/intel/compilers_and_libraries_2017.1.132/linux/mkl/lib/intel64_lin -L/opt/intel/compilers_and_libraries_2017.1.132/linux/compiler/lib/intel64_lin -L/usr/lib/gcc/x86_64-linux-gnu/4.9/ -L/usr/lib/gcc/x86_64-linux-gnu/4.9/../../../x86_64-linux-gnu/ -L/usr/lib/gcc/x86_64-linux-gnu/4.9/../../../../lib/ -L/lib/x86_64-linux-gnu/ -L/lib/../lib64 -L/lib/../lib/ -L/usr/lib/x86_64-linux-gnu/ -L/usr/lib/../lib/ -L/opt/intel/compilers_and_libraries_2017.1.132/linux/tbb/lib/intel64_lin/gcc4.7/ -L/opt/intel/compilers_and_libraries_2017.1.132/linux/compiler/lib/intel64_lin/ -L/opt/intel/compilers_and_libraries_2017.1.132/linux/mkl/lib/intel64_lin/ -L/usr/lib/gcc/x86_64-linux-gnu/4.9/../../../ -L/lib64 -L/lib/ -L/usr/lib -L/usr/lib/i386-linux-gnu CMakeFiles/cmTryCompileExec1170516991.dir/CMakeCCompilerABI.c.o -Bdynamic -Bstatic -limf -lsvml -lirng -Bdynamic -lm -Bstatic -lipgo -ldecimal --as-needed -Bdynamic -lcilkrts -lstdc++ --no-as-needed -lgcc -lgcc_s -Bstatic -lirc -lsvml -Bdynamic -lc -lgcc -lgcc_s -Bstatic -lirc_s -Bdynamic -ldl -lc /usr/lib/gcc/x86_64-linux-gnu/4.9/crtend.o /usr/lib/gcc/x86_64-linux-gnu/4.9/../../../x86_64-linux-gnu/crtn.o]
    arg [ld] ==> ignore
    arg [/usr/lib/gcc/x86_64-linux-gnu/4.9/../../../x86_64-linux-gnu/crt1.o] ==> ignore
    arg [/usr/lib/gcc/x86_64-linux-gnu/4.9/../../../x86_64-linux-gnu/crti.o] ==> ignore
    arg [/usr/lib/gcc/x86_64-linux-gnu/4.9/crtbegin.o] ==> ignore
    arg [-export-dynamic] ==> ignore
    arg [--eh-frame-hdr] ==> ignore
    arg [--build-id] ==> ignore
    arg [-dynamic-linker] ==> ignore
    arg [/lib64/ld-linux-x86-64.so.2] ==> ignore
    arg [-m] ==> ignore
    arg [elf_x86_64] ==> ignore
    arg [-o] ==> ignore
    arg [cmTryCompileExec1170516991] ==> ignore
    arg [-L/opt/intel/compilers_and_libraries_2017.1.132/linux/tbb/lib/intel64_lin/gcc4.7] ==> dir [/opt/intel/compilers_and_libraries_2017.1.132/linux/tbb/lib/intel64_lin/gcc4.7]
    arg [-L/opt/intel/compilers_and_libraries_2017.1.132/linux/compiler/lib/intel64_lin] ==> dir [/opt/intel/compilers_and_libraries_2017.1.132/linux/compiler/lib/intel64_lin]
    arg [-L/opt/intel/compilers_and_libraries_2017.1.132/linux/mkl/lib/intel64_lin] ==> dir [/opt/intel/compilers_and_libraries_2017.1.132/linux/mkl/lib/intel64_lin]
    arg [-L/opt/intel/compilers_and_libraries_2017.1.132/linux/compiler/lib/intel64_lin] ==> dir [/opt/intel/compilers_and_libraries_2017.1.132/linux/compiler/lib/intel64_lin]
    arg [-L/usr/lib/gcc/x86_64-linux-gnu/4.9/] ==> dir [/usr/lib/gcc/x86_64-linux-gnu/4.9/]
    arg [-L/usr/lib/gcc/x86_64-linux-gnu/4.9/../../../x86_64-linux-gnu/] ==> dir [/usr/lib/gcc/x86_64-linux-gnu/4.9/../../../x86_64-linux-gnu/]
    arg [-L/usr/lib/gcc/x86_64-linux-gnu/4.9/../../../../lib/] ==> dir [/usr/lib/gcc/x86_64-linux-gnu/4.9/../../../../lib/]
    arg [-L/lib/x86_64-linux-gnu/] ==> dir [/lib/x86_64-linux-gnu/]
    arg [-L/lib/../lib64] ==> dir [/lib/../lib64]
    arg [-L/lib/../lib/] ==> dir [/lib/../lib/]
    arg [-L/usr/lib/x86_64-linux-gnu/] ==> dir [/usr/lib/x86_64-linux-gnu/]
    arg [-L/usr/lib/../lib/] ==> dir [/usr/lib/../lib/]
    arg [-L/opt/intel/compilers_and_libraries_2017.1.132/linux/tbb/lib/intel64_lin/gcc4.7/] ==> dir [/opt/intel/compilers_and_libraries_2017.1.132/linux/tbb/lib/intel64_lin/gcc4.7/]
    arg [-L/opt/intel/compilers_and_libraries_2017.1.132/linux/compiler/lib/intel64_lin/] ==> dir [/opt/intel/compilers_and_libraries_2017.1.132/linux/compiler/lib/intel64_lin/]
    arg [-L/opt/intel/compilers_and_libraries_2017.1.132/linux/mkl/lib/intel64_lin/] ==> dir [/opt/intel/compilers_and_libraries_2017.1.132/linux/mkl/lib/intel64_lin/]
    arg [-L/usr/lib/gcc/x86_64-linux-gnu/4.9/../../../] ==> dir [/usr/lib/gcc/x86_64-linux-gnu/4.9/../../../]
    arg [-L/lib64] ==> dir [/lib64]
    arg [-L/lib/] ==> dir [/lib/]
    arg [-L/usr/lib] ==> dir [/usr/lib]
    arg [-L/usr/lib/i386-linux-gnu] ==> dir [/usr/lib/i386-linux-gnu]
    arg [CMakeFiles/cmTryCompileExec1170516991.dir/CMakeCCompilerABI.c.o] ==> ignore
    arg [-Bdynamic] ==> ignore
    arg [-Bstatic] ==> ignore
    arg [-limf] ==> lib [imf]
    arg [-lsvml] ==> lib [svml]
    arg [-lirng] ==> lib [irng]
    arg [-Bdynamic] ==> ignore
    arg [-lm] ==> lib [m]
    arg [-Bstatic] ==> ignore
    arg [-lipgo] ==> lib [ipgo]
    arg [-ldecimal] ==> lib [decimal]
    arg [--as-needed] ==> ignore
    arg [-Bdynamic] ==> ignore
    arg [-lcilkrts] ==> lib [cilkrts]
    arg [-lstdc++] ==> lib [stdc++]
    arg [--no-as-needed] ==> ignore
    arg [-lgcc] ==> lib [gcc]
    arg [-lgcc_s] ==> lib [gcc_s]
    arg [-Bstatic] ==> ignore
    arg [-lirc] ==> lib [irc]
    arg [-lsvml] ==> lib [svml]
    arg [-Bdynamic] ==> ignore
    arg [-lc] ==> lib [c]
    arg [-lgcc] ==> lib [gcc]
    arg [-lgcc_s] ==> lib [gcc_s]
    arg [-Bstatic] ==> ignore
    arg [-lirc_s] ==> lib [irc_s]
    arg [-Bdynamic] ==> ignore
    arg [-ldl] ==> lib [dl]
    arg [-lc] ==> lib [c]
    arg [/usr/lib/gcc/x86_64-linux-gnu/4.9/crtend.o] ==> ignore
    arg [/usr/lib/gcc/x86_64-linux-gnu/4.9/../../../x86_64-linux-gnu/crtn.o] ==> ignore
  remove lib [gcc]
  remove lib [gcc_s]
  remove lib [gcc]
  remove lib [gcc_s]
  collapse library dir [/opt/intel/compilers_and_libraries_2017.1.132/linux/tbb/lib/intel64_lin/gcc4.7] ==> [/opt/intel/compilers_and_libraries_2017.1.132/linux/tbb/lib/intel64_lin/gcc4.7]
  collapse library dir [/opt/intel/compilers_and_libraries_2017.1.132/linux/compiler/lib/intel64_lin] ==> [/opt/intel/compilers_and_libraries_2017.1.132/linux/compiler/lib/intel64_lin]
  collapse library dir [/opt/intel/compilers_and_libraries_2017.1.132/linux/mkl/lib/intel64_lin] ==> [/opt/intel/compilers_and_libraries_2017.1.132/linux/mkl/lib/intel64_lin]
  collapse library dir [/opt/intel/compilers_and_libraries_2017.1.132/linux/compiler/lib/intel64_lin] ==> [/opt/intel/compilers_and_libraries_2017.1.132/linux/compiler/lib/intel64_lin]
  collapse library dir [/usr/lib/gcc/x86_64-linux-gnu/4.9/] ==> [/usr/lib/gcc/x86_64-linux-gnu/4.9]
  collapse library dir [/usr/lib/gcc/x86_64-linux-gnu/4.9/../../../x86_64-linux-gnu/] ==> [/usr/lib/x86_64-linux-gnu]
  collapse library dir [/usr/lib/gcc/x86_64-linux-gnu/4.9/../../../../lib/] ==> [/usr/lib]
  collapse library dir [/lib/x86_64-linux-gnu/] ==> [/lib/x86_64-linux-gnu]
  collapse library dir [/lib/../lib64] ==> [/lib64]
  collapse library dir [/lib/../lib/] ==> [/lib]
  collapse library dir [/usr/lib/x86_64-linux-gnu/] ==> [/usr/lib/x86_64-linux-gnu]
  collapse library dir [/usr/lib/../lib/] ==> [/usr/lib]
  collapse library dir [/opt/intel/compilers_and_libraries_2017.1.132/linux/tbb/lib/intel64_lin/gcc4.7/] ==> [/opt/intel/compilers_and_libraries_2017.1.132/linux/tbb/lib/intel64_lin/gcc4.7]
  collapse library dir [/opt/intel/compilers_and_libraries_2017.1.132/linux/compiler/lib/intel64_lin/] ==> [/opt/intel/compilers_and_libraries_2017.1.132/linux/compiler/lib/intel64_lin]
  collapse library dir [/opt/intel/compilers_and_libraries_2017.1.132/linux/mkl/lib/intel64_lin/] ==> [/opt/intel/compilers_and_libraries_2017.1.132/linux/mkl/lib/intel64_lin]
  collapse library dir [/usr/lib/gcc/x86_64-linux-gnu/4.9/../../../] ==> [/usr/lib]
  collapse library dir [/lib64] ==> [/lib64]
  collapse library dir [/lib/] ==> [/lib]
  collapse library dir [/usr/lib] ==> [/usr/lib]
  collapse library dir [/usr/lib/i386-linux-gnu] ==> [/usr/lib/i386-linux-gnu]
  implicit libs: [imf;svml;irng;m;ipgo;decimal;cilkrts;stdc++;irc;svml;c;irc_s;dl;c]
  implicit dirs: [/opt/intel/compilers_and_libraries_2017.1.132/linux/tbb/lib/intel64_lin/gcc4.7;/opt/intel/compilers_and_libraries_2017.1.132/linux/compiler/lib/intel64_lin;/opt/intel/compilers_and_libraries_2017.1.132/linux/mkl/lib/intel64_lin;/usr/lib/gcc/x86_64-linux-gnu/4.9;/usr/lib/x86_64-linux-gnu;/usr/lib;/lib/x86_64-linux-gnu;/lib64;/lib;/usr/lib/i386-linux-gnu]
  implicit fwks: []


Determining if the CXX compiler works passed with the following output:
Change Dir: /home/wk234832/work/C++/mdcrystal/build/CMakeFiles/CMakeTmp

Run Build Command:"/usr/bin/make" "cmTryCompileExec1376492949/fast"
/usr/bin/make -f CMakeFiles/cmTryCompileExec1376492949.dir/build.make CMakeFiles/cmTryCompileExec1376492949.dir/build
make[1]: Entering directory '/home/wk234832/work/C++/mdcrystal/build/CMakeFiles/CMakeTmp'
/usr/bin/cmake -E cmake_progress_report /home/wk234832/work/C++/mdcrystal/build/CMakeFiles/CMakeTmp/CMakeFiles 1
Building CXX object CMakeFiles/cmTryCompileExec1376492949.dir/testCXXCompiler.cxx.o
/opt/intel/bin/icpc     -o CMakeFiles/cmTryCompileExec1376492949.dir/testCXXCompiler.cxx.o -c /home/wk234832/work/C++/mdcrystal/build/CMakeFiles/CMakeTmp/testCXXCompiler.cxx
Linking CXX executable cmTryCompileExec1376492949
/usr/bin/cmake -E cmake_link_script CMakeFiles/cmTryCompileExec1376492949.dir/link.txt --verbose=1
/opt/intel/bin/icpc        CMakeFiles/cmTryCompileExec1376492949.dir/testCXXCompiler.cxx.o  -o cmTryCompileExec1376492949 -rdynamic 
make[1]: Leaving directory '/home/wk234832/work/C++/mdcrystal/build/CMakeFiles/CMakeTmp'


Detecting CXX compiler ABI info compiled with the following output:
Change Dir: /home/wk234832/work/C++/mdcrystal/build/CMakeFiles/CMakeTmp

Run Build Command:"/usr/bin/make" "cmTryCompileExec3930949865/fast"
/usr/bin/make -f CMakeFiles/cmTryCompileExec3930949865.dir/build.make CMakeFiles/cmTryCompileExec3930949865.dir/build
make[1]: Entering directory '/home/wk234832/work/C++/mdcrystal/build/CMakeFiles/CMakeTmp'
/usr/bin/cmake -E cmake_progress_report /home/wk234832/work/C++/mdcrystal/build/CMakeFiles/CMakeTmp/CMakeFiles 1
Building CXX object CMakeFiles/cmTryCompileExec3930949865.dir/CMakeCXXCompilerABI.cpp.o
/opt/intel/bin/icpc     -o CMakeFiles/cmTryCompileExec3930949865.dir/CMakeCXXCompilerABI.cpp.o -c /usr/share/cmake-3.0/Modules/CMakeCXXCompilerABI.cpp
Linking CXX executable cmTryCompileExec3930949865
/usr/bin/cmake -E cmake_link_script CMakeFiles/cmTryCompileExec3930949865.dir/link.txt --verbose=1
/opt/intel/bin/icpc      -v CMakeFiles/cmTryCompileExec3930949865.dir/CMakeCXXCompilerABI.cpp.o  -o cmTryCompileExec3930949865 -rdynamic  
icpc version 17.0.1 (gcc version 4.9.0 compatibility)
/opt/intel/compilers_and_libraries_2017.1.132/linux/bin/intel64/mcpcom    -mGLOB_em64t=TRUE -mP1OPT_version=17.0-intel64 -mGLOB_diag_file=CMakeFiles/cmTryCompileExec3930949865.dir/CMakeCXXCompilerABI.cpp.diag -mGLOB_long_size_64 -mGLOB_routine_pointer_size_64 -mP1OPT_print_version=FALSE -mCG_use_gas_got_workaround=F -mP2OPT_align_option_used=TRUE -mGLOB_gcc_version=490 "-mGLOB_options_string=-v -o cmTryCompileExec3930949865 -rdynamic" -mGLOB_cxx_limited_range=FALSE -mCG_extend_parms=FALSE -mGLOB_compiler_bin_directory=/opt/intel/compilers_and_libraries_2017.1.132/linux/bin/intel64 -mGLOB_as_output_backup_file_name=/tmp/icpcZoQ4xeas_.s -mGLOB_dashboard_use_source_name -mIPOPT_activate -mGLOB_product_id_code=0x22006d8e -mP3OPT_use_mspp_call_convention -mP2OPT_subs_out_of_bound=FALSE -mP2OPT_disam_type_based_disam=2 -mP2OPT_disam_assume_ansi_c -mP2OPT_checked_disam_ansi_alias=TRUE -mGLOB_ansi_alias -mPGOPTI_value_profile_use=T -mGLOB_opt_report_use_source_name -mP2OPT_il0_array_sections=TRUE -mGLOB_offload_mode=1 -mP2OPT_offload_unique_var_string=icpc0004783061LZqVUt -mP2OPT_hlo -mP2OPT_hpo_rtt_control=0 -mIPOPT_args_in_regs=0 -mP2OPT_disam_assume_nonstd_intent_in=FALSE -mGLOB_imf_mapping_library=/opt/intel/compilers_and_libraries_2017.1.132/linux/bin/intel64/libiml_attr.so -mPGOPTI_gen_threadsafe_level=0 -mIPOPT_link -mIPOPT_ipo_activate -mIPOPT_mo_activate -mIPOPT_source_files_list=/tmp/icpcslisTyh1Tr -mIPOPT_mo_global_data -mIPOPT_link_script_file=/tmp/icpcscriptLtBc7H "-mIPOPT_cmdline_link="/usr/lib/gcc/x86_64-linux-gnu/4.9/../../../x86_64-linux-gnu/crt1.o" "/usr/lib/gcc/x86_64-linux-gnu/4.9/../../../x86_64-linux-gnu/crti.o" "/usr/lib/gcc/x86_64-linux-gnu/4.9/crtbegin.o" "-export-dynamic" "--eh-frame-hdr" "--build-id" "-dynamic-linker" "/lib64/ld-linux-x86-64.so.2" "-m" "elf_x86_64" "-o" "cmTryCompileExec3930949865" "-L/opt/intel/compilers_and_libraries_2017.1.132/linux/tbb/lib/intel64_lin/gcc4.7" "-L/opt/intel/compilers_and_libraries_2017.1.132/linux/compiler/lib/intel64_lin" "-L/opt/intel/compilers_and_libraries_2017.1.132/linux/mkl/lib/intel64_lin" "-L/opt/intel/compilers_and_libraries_2017.1.132/linux/compiler/lib/intel64_lin" "-L/usr/lib/gcc/x86_64-linux-gnu/4.9/" "-L/usr/lib/gcc/x86_64-linux-gnu/4.9/../../../x86_64-linux-gnu/" "-L/usr/lib/gcc/x86_64-linux-gnu/4.9/../../../../lib/" "-L/lib/x86_64-linux-gnu/" "-L/lib/../lib64" "-L/lib/../lib/" "-L/usr/lib/x86_64-linux-gnu/" "-L/usr/lib/../lib/" "-L/opt/intel/compilers_and_libraries_2017.1.132/linux/tbb/lib/intel64_lin/gcc4.7/" "-L/opt/intel/compilers_and_libraries_2017.1.132/linux/compiler/lib/intel64_lin/" "-L/opt/intel/compilers_and_libraries_2017.1.132/linux/mkl/lib/intel64_lin/" "-L/usr/lib/gcc/x86_64-linux-gnu/4.9/../../../" "-L/lib64" "-L/lib/" "-L/usr/lib" "-L/usr/lib/i386-linux-gnu" "CMakeFiles/cmTryCompileExec3930949865.dir/CMakeCXXCompilerABI.cpp.o" "-Bdynamic" "-Bstatic" "-limf" "-lsvml" "-lirng" "-Bdynamic" "-lstdc++" "-lm" "-Bstatic" "-lipgo" "-ldecimal" "--as-needed" "-Bdynamic" "-lcilkrts" "--no-as-needed" "-lstdc++" "-lgcc" "-lgcc_s" "-Bstatic" "-lirc" "-lsvml" "-Bdynamic" "-lc" "-lgcc" "-lgcc_s" "-Bstatic" "-lirc_s" "-Bdynamic" "-ldl" "-lc" "/usr/lib/gcc/x86_64-linux-gnu/4.9/crtend.o" "/usr/lib/gcc/x86_64-linux-gnu/4.9/../../../x86_64-linux-gnu/crtn.o"" -mIPOPT_il_in_obj -mIPOPT_ipo_activate_warn=FALSE -mIPOPT_obj_output_file_name=/tmp/ipo_icpcNAT0CS.o -mIPOPT_whole_archive_fixup_file_name=/tmp/icpcwarchp3pce1 -mGLOB_linker_version=2.25 -mGLOB_driver_tempfile_name=/tmp/icpctempfilehwoEsh -mP3OPT_asm_target=P3OPT_ASM_TARGET_GAS -mGLOB_async_unwind_tables=TRUE -mGLOB_obj_output_file=/tmp/ipo_icpcNAT0CS.o -mGLOB_source_dialect=GLOB_SOURCE_DIALECT_NONE -mP1OPT_source_file_name=ipo_out.c CMakeFiles/cmTryCompileExec3930949865.dir/CMakeCXXCompilerABI.cpp.o -mIPOPT_object_files=T -mIPOPT_assembly_files=/tmp/icpcalisTWHk3o -mIPOPT_generated_tempfiles=/tmp/icpcelisb4XugF -mIPOPT_embedded_object_base_name=/tmp/icpceobjLSCFtV -mIPOPT_cmdline_link_new_name=/tmp/icpcllis7kkQGb
ld    /usr/lib/gcc/x86_64-linux-gnu/4.9/../../../x86_64-linux-gnu/crt1.o /usr/lib/gcc/x86_64-linux-gnu/4.9/../../../x86_64-linux-gnu/crti.o /usr/lib/gcc/x86_64-linux-gnu/4.9/crtbegin.o -export-dynamic --eh-frame-hdr --build-id -dynamic-linker /lib64/ld-linux-x86-64.so.2 -m elf_x86_64 -o cmTryCompileExec3930949865 -L/opt/intel/compilers_and_libraries_2017.1.132/linux/tbb/lib/intel64_lin/gcc4.7 -L/opt/intel/compilers_and_libraries_2017.1.132/linux/compiler/lib/intel64_lin -L/opt/intel/compilers_and_libraries_2017.1.132/linux/mkl/lib/intel64_lin -L/opt/intel/compilers_and_libraries_2017.1.132/linux/compiler/lib/intel64_lin -L/usr/lib/gcc/x86_64-linux-gnu/4.9/ -L/usr/lib/gcc/x86_64-linux-gnu/4.9/../../../x86_64-linux-gnu/ -L/usr/lib/gcc/x86_64-linux-gnu/4.9/../../../../lib/ -L/lib/x86_64-linux-gnu/ -L/lib/../lib64 -L/lib/../lib/ -L/usr/lib/x86_64-linux-gnu/ -L/usr/lib/../lib/ -L/opt/intel/compilers_and_libraries_2017.1.132/linux/tbb/lib/intel64_lin/gcc4.7/ -L/opt/intel/compilers_and_libraries_2017.1.132/linux/compiler/lib/intel64_lin/ -L/opt/intel/compilers_and_libraries_2017.1.132/linux/mkl/lib/intel64_lin/ -L/usr/lib/gcc/x86_64-linux-gnu/4.9/../../../ -L/lib64 -L/lib/ -L/usr/lib -L/usr/lib/i386-linux-gnu CMakeFiles/cmTryCompileExec3930949865.dir/CMakeCXXCompilerABI.cpp.o -Bdynamic -Bstatic -limf -lsvml -lirng -Bdynamic -lstdc++ -lm -Bstatic -lipgo -ldecimal --as-needed -Bdynamic -lcilkrts --no-as-needed -lstdc++ -lgcc -lgcc_s -Bstatic -lirc -lsvml -Bdynamic -lc -lgcc -lgcc_s -Bstatic -lirc_s -Bdynamic -ldl -lc /usr/lib/gcc/x86_64-linux-gnu/4.9/crtend.o /usr/lib/gcc/x86_64-linux-gnu/4.9/../../../x86_64-linux-gnu/crtn.o
make[1]: Leaving directory '/home/wk234832/work/C++/mdcrystal/build/CMakeFiles/CMakeTmp'


Parsed CXX implicit link information from above output:
  link line regex: [^( *|.*[/\])(ld|([^/\]+-)?ld|collect2)[^/\]*( |$)]
  ignore line: [Change Dir: /home/wk234832/work/C++/mdcrystal/build/CMakeFiles/CMakeTmp]
  ignore line: []
  ignore line: [Run Build Command:"/usr/bin/make" "cmTryCompileExec3930949865/fast"]
  ignore line: [/usr/bin/make -f CMakeFiles/cmTryCompileExec3930949865.dir/build.make CMakeFiles/cmTryCompileExec3930949865.dir/build]
  ignore line: [make[1]: Entering directory '/home/wk234832/work/C++/mdcrystal/build/CMakeFiles/CMakeTmp']
  ignore line: [/usr/bin/cmake -E cmake_progress_report /home/wk234832/work/C++/mdcrystal/build/CMakeFiles/CMakeTmp/CMakeFiles 1]
  ignore line: [Building CXX object CMakeFiles/cmTryCompileExec3930949865.dir/CMakeCXXCompilerABI.cpp.o]
  ignore line: [/opt/intel/bin/icpc     -o CMakeFiles/cmTryCompileExec3930949865.dir/CMakeCXXCompilerABI.cpp.o -c /usr/share/cmake-3.0/Modules/CMakeCXXCompilerABI.cpp]
  ignore line: [Linking CXX executable cmTryCompileExec3930949865]
  ignore line: [/usr/bin/cmake -E cmake_link_script CMakeFiles/cmTryCompileExec3930949865.dir/link.txt --verbose=1]
  ignore line: [/opt/intel/bin/icpc      -v CMakeFiles/cmTryCompileExec3930949865.dir/CMakeCXXCompilerABI.cpp.o  -o cmTryCompileExec3930949865 -rdynamic  ]
  ignore line: [icpc version 17.0.1 (gcc version 4.9.0 compatibility)]
  ignore line: [/opt/intel/compilers_and_libraries_2017.1.132/linux/bin/intel64/mcpcom    -mGLOB_em64t=TRUE -mP1OPT_version=17.0-intel64 -mGLOB_diag_file=CMakeFiles/cmTryCompileExec3930949865.dir/CMakeCXXCompilerABI.cpp.diag -mGLOB_long_size_64 -mGLOB_routine_pointer_size_64 -mP1OPT_print_version=FALSE -mCG_use_gas_got_workaround=F -mP2OPT_align_option_used=TRUE -mGLOB_gcc_version=490 "-mGLOB_options_string=-v -o cmTryCompileExec3930949865 -rdynamic" -mGLOB_cxx_limited_range=FALSE -mCG_extend_parms=FALSE -mGLOB_compiler_bin_directory=/opt/intel/compilers_and_libraries_2017.1.132/linux/bin/intel64 -mGLOB_as_output_backup_file_name=/tmp/icpcZoQ4xeas_.s -mGLOB_dashboard_use_source_name -mIPOPT_activate -mGLOB_product_id_code=0x22006d8e -mP3OPT_use_mspp_call_convention -mP2OPT_subs_out_of_bound=FALSE -mP2OPT_disam_type_based_disam=2 -mP2OPT_disam_assume_ansi_c -mP2OPT_checked_disam_ansi_alias=TRUE -mGLOB_ansi_alias -mPGOPTI_value_profile_use=T -mGLOB_opt_report_use_source_name -mP2OPT_il0_array_sections=TRUE -mGLOB_offload_mode=1 -mP2OPT_offload_unique_var_string=icpc0004783061LZqVUt -mP2OPT_hlo -mP2OPT_hpo_rtt_control=0 -mIPOPT_args_in_regs=0 -mP2OPT_disam_assume_nonstd_intent_in=FALSE -mGLOB_imf_mapping_library=/opt/intel/compilers_and_libraries_2017.1.132/linux/bin/intel64/libiml_attr.so -mPGOPTI_gen_threadsafe_level=0 -mIPOPT_link -mIPOPT_ipo_activate -mIPOPT_mo_activate -mIPOPT_source_files_list=/tmp/icpcslisTyh1Tr -mIPOPT_mo_global_data -mIPOPT_link_script_file=/tmp/icpcscriptLtBc7H "-mIPOPT_cmdline_link="/usr/lib/gcc/x86_64-linux-gnu/4.9/../../../x86_64-linux-gnu/crt1.o" "/usr/lib/gcc/x86_64-linux-gnu/4.9/../../../x86_64-linux-gnu/crti.o" "/usr/lib/gcc/x86_64-linux-gnu/4.9/crtbegin.o" "-export-dynamic" "--eh-frame-hdr" "--build-id" "-dynamic-linker" "/lib64/ld-linux-x86-64.so.2" "-m" "elf_x86_64" "-o" "cmTryCompileExec3930949865" "-L/opt/intel/compilers_and_libraries_2017.1.132/linux/tbb/lib/intel64_lin/gcc4.7" "-L/opt/intel/compilers_and_libraries_2017.1.132/linux/compiler/lib/intel64_lin" "-L/opt/intel/compilers_and_libraries_2017.1.132/linux/mkl/lib/intel64_lin" "-L/opt/intel/compilers_and_libraries_2017.1.132/linux/compiler/lib/intel64_lin" "-L/usr/lib/gcc/x86_64-linux-gnu/4.9/" "-L/usr/lib/gcc/x86_64-linux-gnu/4.9/../../../x86_64-linux-gnu/" "-L/usr/lib/gcc/x86_64-linux-gnu/4.9/../../../../lib/" "-L/lib/x86_64-linux-gnu/" "-L/lib/../lib64" "-L/lib/../lib/" "-L/usr/lib/x86_64-linux-gnu/" "-L/usr/lib/../lib/" "-L/opt/intel/compilers_and_libraries_2017.1.132/linux/tbb/lib/intel64_lin/gcc4.7/" "-L/opt/intel/compilers_and_libraries_2017.1.132/linux/compiler/lib/intel64_lin/" "-L/opt/intel/compilers_and_libraries_2017.1.132/linux/mkl/lib/intel64_lin/" "-L/usr/lib/gcc/x86_64-linux-gnu/4.9/../../../" "-L/lib64" "-L/lib/" "-L/usr/lib" "-L/usr/lib/i386-linux-gnu" "CMakeFiles/cmTryCompileExec3930949865.dir/CMakeCXXCompilerABI.cpp.o" "-Bdynamic" "-Bstatic" "-limf" "-lsvml" "-lirng" "-Bdynamic" "-lstdc++" "-lm" "-Bstatic" "-lipgo" "-ldecimal" "--as-needed" "-Bdynamic" "-lcilkrts" "--no-as-needed" "-lstdc++" "-lgcc" "-lgcc_s" "-Bstatic" "-lirc" "-lsvml" "-Bdynamic" "-lc" "-lgcc" "-lgcc_s" "-Bstatic" "-lirc_s" "-Bdynamic" "-ldl" "-lc" "/usr/lib/gcc/x86_64-linux-gnu/4.9/crtend.o" "/usr/lib/gcc/x86_64-linux-gnu/4.9/../../../x86_64-linux-gnu/crtn.o"" -mIPOPT_il_in_obj -mIPOPT_ipo_activate_warn=FALSE -mIPOPT_obj_output_file_name=/tmp/ipo_icpcNAT0CS.o -mIPOPT_whole_archive_fixup_file_name=/tmp/icpcwarchp3pce1 -mGLOB_linker_version=2.25 -mGLOB_driver_tempfile_name=/tmp/icpctempfilehwoEsh -mP3OPT_asm_target=P3OPT_ASM_TARGET_GAS -mGLOB_async_unwind_tables=TRUE -mGLOB_obj_output_file=/tmp/ipo_icpcNAT0CS.o -mGLOB_source_dialect=GLOB_SOURCE_DIALECT_NONE -mP1OPT_source_file_name=ipo_out.c CMakeFiles/cmTryCompileExec3930949865.dir/CMakeCXXCompilerABI.cpp.o -mIPOPT_object_files=T -mIPOPT_assembly_files=/tmp/icpcalisTWHk3o -mIPOPT_generated_tempfiles=/tmp/icpcelisb4XugF -mIPOPT_embedded_object_base_name=/tmp/icpceobjLSCFtV -mIPOPT_cmdline_link_new_name=/tmp/icpcllis7kkQGb]
  link line: [ld    /usr/lib/gcc/x86_64-linux-gnu/4.9/../../../x86_64-linux-gnu/crt1.o /usr/lib/gcc/x86_64-linux-gnu/4.9/../../../x86_64-linux-gnu/crti.o /usr/lib/gcc/x86_64-linux-gnu/4.9/crtbegin.o -export-dynamic --eh-frame-hdr --build-id -dynamic-linker /lib64/ld-linux-x86-64.so.2 -m elf_x86_64 -o cmTryCompileExec3930949865 -L/opt/intel/compilers_and_libraries_2017.1.132/linux/tbb/lib/intel64_lin/gcc4.7 -L/opt/intel/compilers_and_libraries_2017.1.132/linux/compiler/lib/intel64_lin -L/opt/intel/compilers_and_libraries_2017.1.132/linux/mkl/lib/intel64_lin -L/opt/intel/compilers_and_libraries_2017.1.132/linux/compiler/lib/intel64_lin -L/usr/lib/gcc/x86_64-linux-gnu/4.9/ -L/usr/lib/gcc/x86_64-linux-gnu/4.9/../../../x86_64-linux-gnu/ -L/usr/lib/gcc/x86_64-linux-gnu/4.9/../../../../lib/ -L/lib/x86_64-linux-gnu/ -L/lib/../lib64 -L/lib/../lib/ -L/usr/lib/x86_64-linux-gnu/ -L/usr/lib/../lib/ -L/opt/intel/compilers_and_libraries_2017.1.132/linux/tbb/lib/intel64_lin/gcc4.7/ -L/opt/intel/compilers_and_libraries_2017.1.132/linux/compiler/lib/intel64_lin/ -L/opt/intel/compilers_and_libraries_2017.1.132/linux/mkl/lib/intel64_lin/ -L/usr/lib/gcc/x86_64-linux-gnu/4.9/../../../ -L/lib64 -L/lib/ -L/usr/lib -L/usr/lib/i386-linux-gnu CMakeFiles/cmTryCompileExec3930949865.dir/CMakeCXXCompilerABI.cpp.o -Bdynamic -Bstatic -limf -lsvml -lirng -Bdynamic -lstdc++ -lm -Bstatic -lipgo -ldecimal --as-needed -Bdynamic -lcilkrts --no-as-needed -lstdc++ -lgcc -lgcc_s -Bstatic -lirc -lsvml -Bdynamic -lc -lgcc -lgcc_s -Bstatic -lirc_s -Bdynamic -ldl -lc /usr/lib/gcc/x86_64-linux-gnu/4.9/crtend.o /usr/lib/gcc/x86_64-linux-gnu/4.9/../../../x86_64-linux-gnu/crtn.o]
    arg [ld] ==> ignore
    arg [/usr/lib/gcc/x86_64-linux-gnu/4.9/../../../x86_64-linux-gnu/crt1.o] ==> ignore
    arg [/usr/lib/gcc/x86_64-linux-gnu/4.9/../../../x86_64-linux-gnu/crti.o] ==> ignore
    arg [/usr/lib/gcc/x86_64-linux-gnu/4.9/crtbegin.o] ==> ignore
    arg [-export-dynamic] ==> ignore
    arg [--eh-frame-hdr] ==> ignore
    arg [--build-id] ==> ignore
    arg [-dynamic-linker] ==> ignore
    arg [/lib64/ld-linux-x86-64.so.2] ==> ignore
    arg [-m] ==> ignore
    arg [elf_x86_64] ==> ignore
    arg [-o] ==> ignore
    arg [cmTryCompileExec3930949865] ==> ignore
    arg [-L/opt/intel/compilers_and_libraries_2017.1.132/linux/tbb/lib/intel64_lin/gcc4.7] ==> dir [/opt/intel/compilers_and_libraries_2017.1.132/linux/tbb/lib/intel64_lin/gcc4.7]
    arg [-L/opt/intel/compilers_and_libraries_2017.1.132/linux/compiler/lib/intel64_lin] ==> dir [/opt/intel/compilers_and_libraries_2017.1.132/linux/compiler/lib/intel64_lin]
    arg [-L/opt/intel/compilers_and_libraries_2017.1.132/linux/mkl/lib/intel64_lin] ==> dir [/opt/intel/compilers_and_libraries_2017.1.132/linux/mkl/lib/intel64_lin]
    arg [-L/opt/intel/compilers_and_libraries_2017.1.132/linux/compiler/lib/intel64_lin] ==> dir [/opt/intel/compilers_and_libraries_2017.1.132/linux/compiler/lib/intel64_lin]
    arg [-L/usr/lib/gcc/x86_64-linux-gnu/4.9/] ==> dir [/usr/lib/gcc/x86_64-linux-gnu/4.9/]
    arg [-L/usr/lib/gcc/x86_64-linux-gnu/4.9/../../../x86_64-linux-gnu/] ==> dir [/usr/lib/gcc/x86_64-linux-gnu/4.9/../../../x86_64-linux-gnu/]
    arg [-L/usr/lib/gcc/x86_64-linux-gnu/4.9/../../../../lib/] ==> dir [/usr/lib/gcc/x86_64-linux-gnu/4.9/../../../../lib/]
    arg [-L/lib/x86_64-linux-gnu/] ==> dir [/lib/x86_64-linux-gnu/]
    arg [-L/lib/../lib64] ==> dir [/lib/../lib64]
    arg [-L/lib/../lib/] ==> dir [/lib/../lib/]
    arg [-L/usr/lib/x86_64-linux-gnu/] ==> dir [/usr/lib/x86_64-linux-gnu/]
    arg [-L/usr/lib/../lib/] ==> dir [/usr/lib/../lib/]
    arg [-L/opt/intel/compilers_and_libraries_2017.1.132/linux/tbb/lib/intel64_lin/gcc4.7/] ==> dir [/opt/intel/compilers_and_libraries_2017.1.132/linux/tbb/lib/intel64_lin/gcc4.7/]
    arg [-L/opt/intel/compilers_and_libraries_2017.1.132/linux/compiler/lib/intel64_lin/] ==> dir [/opt/intel/compilers_and_libraries_2017.1.132/linux/compiler/lib/intel64_lin/]
    arg [-L/opt/intel/compilers_and_libraries_2017.1.132/linux/mkl/lib/intel64_lin/] ==> dir [/opt/intel/compilers_and_libraries_2017.1.132/linux/mkl/lib/intel64_lin/]
    arg [-L/usr/lib/gcc/x86_64-linux-gnu/4.9/../../../] ==> dir [/usr/lib/gcc/x86_64-linux-gnu/4.9/../../../]
    arg [-L/lib64] ==> dir [/lib64]
    arg [-L/lib/] ==> dir [/lib/]
    arg [-L/usr/lib] ==> dir [/usr/lib]
    arg [-L/usr/lib/i386-linux-gnu] ==> dir [/usr/lib/i386-linux-gnu]
    arg [CMakeFiles/cmTryCompileExec3930949865.dir/CMakeCXXCompilerABI.cpp.o] ==> ignore
    arg [-Bdynamic] ==> ignore
    arg [-Bstatic] ==> ignore
    arg [-limf] ==> lib [imf]
    arg [-lsvml] ==> lib [svml]
    arg [-lirng] ==> lib [irng]
    arg [-Bdynamic] ==> ignore
    arg [-lstdc++] ==> lib [stdc++]
    arg [-lm] ==> lib [m]
    arg [-Bstatic] ==> ignore
    arg [-lipgo] ==> lib [ipgo]
    arg [-ldecimal] ==> lib [decimal]
    arg [--as-needed] ==> ignore
    arg [-Bdynamic] ==> ignore
    arg [-lcilkrts] ==> lib [cilkrts]
    arg [--no-as-needed] ==> ignore
    arg [-lstdc++] ==> lib [stdc++]
    arg [-lgcc] ==> lib [gcc]
    arg [-lgcc_s] ==> lib [gcc_s]
    arg [-Bstatic] ==> ignore
    arg [-lirc] ==> lib [irc]
    arg [-lsvml] ==> lib [svml]
    arg [-Bdynamic] ==> ignore
    arg [-lc] ==> lib [c]
    arg [-lgcc] ==> lib [gcc]
    arg [-lgcc_s] ==> lib [gcc_s]
    arg [-Bstatic] ==> ignore
    arg [-lirc_s] ==> lib [irc_s]
    arg [-Bdynamic] ==> ignore
    arg [-ldl] ==> lib [dl]
    arg [-lc] ==> lib [c]
    arg [/usr/lib/gcc/x86_64-linux-gnu/4.9/crtend.o] ==> ignore
    arg [/usr/lib/gcc/x86_64-linux-gnu/4.9/../../../x86_64-linux-gnu/crtn.o] ==> ignore
  remove lib [gcc]
  remove lib [gcc_s]
  remove lib [gcc]
  remove lib [gcc_s]
  collapse library dir [/opt/intel/compilers_and_libraries_2017.1.132/linux/tbb/lib/intel64_lin/gcc4.7] ==> [/opt/intel/compilers_and_libraries_2017.1.132/linux/tbb/lib/intel64_lin/gcc4.7]
  collapse library dir [/opt/intel/compilers_and_libraries_2017.1.132/linux/compiler/lib/intel64_lin] ==> [/opt/intel/compilers_and_libraries_2017.1.132/linux/compiler/lib/intel64_lin]
  collapse library dir [/opt/intel/compilers_and_libraries_2017.1.132/linux/mkl/lib/intel64_lin] ==> [/opt/intel/compilers_and_libraries_2017.1.132/linux/mkl/lib/intel64_lin]
  collapse library dir [/opt/intel/compilers_and_libraries_2017.1.132/linux/compiler/lib/intel64_lin] ==> [/opt/intel/compilers_and_libraries_2017.1.132/linux/compiler/lib/intel64_lin]
  collapse library dir [/usr/lib/gcc/x86_64-linux-gnu/4.9/] ==> [/usr/lib/gcc/x86_64-linux-gnu/4.9]
  collapse library dir [/usr/lib/gcc/x86_64-linux-gnu/4.9/../../../x86_64-linux-gnu/] ==> [/usr/lib/x86_64-linux-gnu]
  collapse library dir [/usr/lib/gcc/x86_64-linux-gnu/4.9/../../../../lib/] ==> [/usr/lib]
  collapse library dir [/lib/x86_64-linux-gnu/] ==> [/lib/x86_64-linux-gnu]
  collapse library dir [/lib/../lib64] ==> [/lib64]
  collapse library dir [/lib/../lib/] ==> [/lib]
  collapse library dir [/usr/lib/x86_64-linux-gnu/] ==> [/usr/lib/x86_64-linux-gnu]
  collapse library dir [/usr/lib/../lib/] ==> [/usr/lib]
  collapse library dir [/opt/intel/compilers_and_libraries_2017.1.132/linux/tbb/lib/intel64_lin/gcc4.7/] ==> [/opt/intel/compilers_and_libraries_2017.1.132/linux/tbb/lib/intel64_lin/gcc4.7]
  collapse library dir [/opt/intel/compilers_and_libraries_2017.1.132/linux/compiler/lib/intel64_lin/] ==> [/opt/intel/compilers_and_libraries_2017.1.132/linux/compiler/lib/intel64_lin]
  collapse library dir [/opt/intel/compilers_and_libraries_2017.1.132/linux/mkl/lib/intel64_lin/] ==> [/opt/intel/compilers_and_libraries_2017.1.132/linux/mkl/lib/intel64_lin]
  collapse library dir [/usr/lib/gcc/x86_64-linux-gnu/4.9/../../../] ==> [/usr/lib]
  collapse library dir [/lib64] ==> [/lib64]
  collapse library dir [/lib/] ==> [/lib]
  collapse library dir [/usr/lib] ==> [/usr/lib]
  collapse library dir [/usr/lib/i386-linux-gnu] ==> [/usr/lib/i386-linux-gnu]
  implicit libs: [imf;svml;irng;stdc++;m;ipgo;decimal;cilkrts;stdc++;irc;svml;c;irc_s;dl;c]
  implicit dirs: [/opt/intel/compilers_and_libraries_2017.1.132/linux/tbb/lib/intel64_lin/gcc4.7;/opt/intel/compilers_and_libraries_2017.1.132/linux/compiler/lib/intel64_lin;/opt/intel/compilers_and_libraries_2017.1.132/linux/mkl/lib/intel64_lin;/usr/lib/gcc/x86_64-linux-gnu/4.9;/usr/lib/x86_64-linux-gnu;/usr/lib;/lib/x86_64-linux-gnu;/lib64;/lib;/usr/lib/i386-linux-gnu]
  implicit fwks: []


